2022Y-12-22 11:26:58:2658 - [32minfo[39m - [32mServidor rodando.. [39m
2022Y-12-22 11:27:47:2747 - [32minfo[39m - [32mServidor rodando.. [39m
2022Y-12-22 11:27:52:2752 - [32minfo[39m - [32mServidor rodando.. [39m
2022Y-12-22 11:27:57:2757 - [32minfo[39m - [32mServidor rodando.. [39m
2022Y-12-22 11:28:03:283 - [31merror[39m - [31merror bad auth : authentication failed[39m
2022Y-12-22 11:28:26:2826 - [32minfo[39m - [32mServidor rodando.. [39m
2022Y-12-22 11:28:31:2831 - [31merror[39m - [31merror bad auth : Authentication failed.[39m
2022Y-12-22 11:29:09:299 - [32minfo[39m - [32mServidor rodando.. [39m
2022Y-12-22 11:29:19:2919 - [32minfo[39m - [32mData base connected[39m
2022Y-12-22 11:29:28:2928 - [32minfo[39m - [32mServidor rodando.. [39m
2022Y-12-22 11:29:39:2939 - [32minfo[39m - [32mData base connected[39m
2022Y-12-22 11:31:19:3119 - [32minfo[39m - [32mServidor rodando.. [39m
2022Y-12-22 11:31:25:3125 - [32minfo[39m - [32mData base connected[39m
2022Y-12-22 11:32:00:320 - [32minfo[39m - [32mServidor rodando.. [39m
2022Y-12-22 11:32:00:320 - [32minfo[39m - [32mData base connected[39m
2022Y-12-22 11:32:01:321 - [32minfo[39m - [32mServidor rodando.. [39m
2022Y-12-22 11:32:01:321 - [32minfo[39m - [32mData base connected[39m
2022Y-12-22 11:32:09:329 - [32minfo[39m - [32mServidor rodando.. [39m
2022Y-12-22 11:32:09:329 - [32minfo[39m - [32mData base connected[39m
2022Y-12-22 11:32:25:3225 - [32minfo[39m - [32mServidor rodando.. [39m
2022Y-12-22 11:32:25:3225 - [33mwarn[39m - [33mData base connected[39m
2022Y-12-22 11:32:31:3231 - [32minfo[39m - [32mServidor rodando.. [39m
2022Y-12-22 11:33:26:3326 - [32minfo[39m - [32mServidor rodando.. [39m
2022Y-12-22 11:33:36:3336 - [32minfo[39m - [32mData base connected[39m
2022Y-12-22 12:19:40:1940 - [32minfo[39m - [32mServidor rodando.. [39m
2022Y-12-22 12:19:46:1946 - [32minfo[39m - [32mData base connected[39m
2022Y-12-22 12:19:46:1946 - [32minfo[39m - [32mServidor rodando.. [39m
2022Y-12-22 12:19:47:1947 - [32minfo[39m - [32mData base connected[39m
2022Y-12-22 12:20:29:2029 - [32minfo[39m - [32mServidor rodando.. [39m
2022Y-12-22 12:20:35:2035 - [32minfo[39m - [32mData base connected[39m
2022Y-12-22 12:21:03:213 - [32minfo[39m - [32mServidor rodando.. [39m
2022Y-12-22 12:21:08:218 - [32minfo[39m - [32mData base connected[39m
2022Y-12-22 12:21:20:2120 - [32minfo[39m - [32mServidor rodando.. [39m
2022Y-12-22 12:21:20:2120 - [32minfo[39m - [32mData base connected[39m
2022Y-12-22 12:21:21:2121 - [32minfo[39m - [32mServidor rodando.. [39m
2022Y-12-22 12:21:21:2121 - [32minfo[39m - [32mData base connected[39m
2022Y-12-22 12:21:34:2134 - [32minfo[39m - [32mServidor rodando.. [39m
2022Y-12-22 12:21:34:2134 - [32minfo[39m - [32mData base connected[39m
2022Y-12-22 12:22:24:2224 - [32minfo[39m - [32mServidor rodando.. [39m
2022Y-12-22 12:22:26:2226 - [32mhttp[39m - [32mGET /home : status - - 1.428 ms[39m
[32m[39m
2022Y-12-22 12:22:34:2234 - [32minfo[39m - [32mData base connected[39m
2022Y-12-22 12:22:36:2236 - [32minfo[39m - [32mServidor rodando.. [39m
2022Y-12-22 12:22:37:2237 - [32minfo[39m - [32mData base connected[39m
2022Y-12-22 12:22:37:2237 - [32mhttp[39m - [32mGET /home 304 - - 3.017 ms[39m
[32m[39m
2022Y-12-22 12:24:06:246 - [32minfo[39m - [32mServidor rodando.. [39m
2022Y-12-22 12:24:11:2411 - [32minfo[39m - [32mData base connected[39m
2022Y-12-22 12:24:17:2417 - [32minfo[39m - [32mServidor rodando.. [39m
2022Y-12-22 12:24:22:2422 - [32minfo[39m - [32mData base connected[39m
2022Y-12-22 12:37:07:377 - [32minfo[39m - [32mServidor rodando.. [39m
2022Y-12-22 12:37:13:3713 - [32minfo[39m - [32mData base connected[39m
